<?xml version="1.0" encoding="UTF-8"?>
<!-- Generated by org.testng.reporters.JUnitReportReporter -->
<testsuite hostname="QSP" failures="0" tests="1" name="KeyboardActions.PassDataBYUsingRobot" time="6.129" errors="0" timestamp="2024-03-21T12:22:43 IST" skipped="0">
  <testcase classname="KeyboardActions.PassDataBYUsingRobot" name="main" time="6.129"/>
</testsuite> <!-- KeyboardActions.PassDataBYUsingRobot -->
