<?xml version="1.0" encoding="UTF-8"?>
<!-- Generated by org.testng.reporters.JUnitReportReporter -->
<testsuite hostname="QSP" failures="0" tests="1" name="KeyboardActions.EnterValueByActionsCLass" time="6.724" errors="0" timestamp="2024-03-21T12:00:14 IST" skipped="0">
  <testcase classname="KeyboardActions.EnterValueByActionsCLass" name="main" time="6.724"/>
</testsuite> <!-- KeyboardActions.EnterValueByActionsCLass -->
