<?xml version="1.0" encoding="UTF-8"?>
<!-- Generated by org.testng.reporters.JUnitReportReporter -->
<testsuite hostname="QSP" failures="0" tests="1" name="Scroll.VerticalScrolling" time="15.265" errors="0" timestamp="2024-03-21T15:28:06 IST" skipped="0">
  <testcase classname="Scroll.VerticalScrolling" name="main" time="15.265"/>
</testsuite> <!-- Scroll.VerticalScrolling -->
