<?xml version="1.0" encoding="UTF-8"?>
<!-- Generated by org.testng.reporters.JUnitReportReporter -->
<testsuite hostname="QSP" failures="0" tests="1" name="DragAndDrop.DragTheElement" time="5.328" errors="0" timestamp="2024-03-21T10:42:14 IST" skipped="0">
  <testcase classname="DragAndDrop.DragTheElement" name="drag" time="5.328"/>
</testsuite> <!-- DragAndDrop.DragTheElement -->
