<?xml version="1.0" encoding="UTF-8"?>
<!-- Generated by org.testng.reporters.JUnitReportReporter -->
<testsuite hostname="QSP" failures="0" tests="1" name="WebElement.SelectDisabledCheckBox" time="11.701" errors="0" timestamp="2024-03-21T15:51:29 IST" skipped="0">
  <testcase classname="WebElement.SelectDisabledCheckBox" name="main" time="11.701"/>
</testsuite> <!-- WebElement.SelectDisabledCheckBox -->
