<?xml version="1.0" encoding="UTF-8"?>
<!-- Generated by org.testng.reporters.JUnitReportReporter -->
<testsuite hostname="QSP" failures="0" tests="1" name="WebElement.DeSelectCheckBox" time="7.172" errors="0" timestamp="2024-03-21T15:43:05 IST" skipped="0">
  <testcase classname="WebElement.DeSelectCheckBox" name="main" time="7.172"/>
</testsuite> <!-- WebElement.DeSelectCheckBox -->
