<?xml version="1.0" encoding="UTF-8"?>
<!-- Generated by org.testng.reporters.JUnitReportReporter -->
<testsuite hostname="QSP" failures="0" tests="1" name="Iframe.NestedFarme" time="12.879" errors="0" timestamp="2024-03-21T14:15:43 IST" skipped="0">
  <testcase classname="Iframe.NestedFarme" name="execute" time="12.879"/>
</testsuite> <!-- Iframe.NestedFarme -->
