<?xml version="1.0" encoding="UTF-8"?>
<!-- Generated by org.testng.reporters.JUnitReportReporter -->
<testsuite hostname="QSP" failures="0" tests="1" name="DragAndDrop.ClickAndHold" time="4.634" errors="0" timestamp="2024-03-21T10:50:17 IST" skipped="0">
  <testcase classname="DragAndDrop.ClickAndHold" name="clickAndHold" time="4.634"/>
</testsuite> <!-- DragAndDrop.ClickAndHold -->
