<?xml version="1.0" encoding="UTF-8"?>
<!-- Generated by org.testng.reporters.JUnitReportReporter -->
<testsuite hostname="QSP" failures="0" tests="1" name="Iframe.MutipleDataPassing" time="28.145" errors="0" timestamp="2024-03-21T14:51:45 IST" skipped="0">
  <testcase classname="Iframe.MutipleDataPassing" name="execute" time="28.145"/>
</testsuite> <!-- Iframe.MutipleDataPassing -->
