<?xml version="1.0" encoding="UTF-8"?>
<!-- Generated by org.testng.reporters.JUnitReportReporter -->
<testsuite hostname="QSP" failures="0" tests="1" name="MouseHover.Tab" time="11.084" errors="0" timestamp="2024-03-21T11:44:09 IST" skipped="0">
  <testcase classname="MouseHover.Tab" name="main" time="11.084"/>
</testsuite> <!-- MouseHover.Tab -->
