<?xml version="1.0" encoding="UTF-8"?>
<!-- Generated by org.testng.reporters.JUnitReportReporter -->
<testsuite hostname="QSP" failures="0" tests="1" name="A_WebElement.DisableToggleSelect" time="9.977" errors="0" timestamp="2024-03-21T16:08:49 IST" skipped="0">
  <testcase classname="A_WebElement.DisableToggleSelect" name="main" time="9.977"/>
</testsuite> <!-- A_WebElement.DisableToggleSelect -->
