<?xml version="1.0" encoding="UTF-8"?>
<!-- Generated by org.testng.reporters.JUnitReportReporter -->
<testsuite hostname="QSP" failures="0" tests="1" name="KeyboardActions.VirtualKeyElementPass" time="5.415" errors="0" timestamp="2024-03-21T12:49:34 IST" skipped="0">
  <testcase classname="KeyboardActions.VirtualKeyElementPass" name="main" time="5.415"/>
</testsuite> <!-- KeyboardActions.VirtualKeyElementPass -->
