<?xml version="1.0" encoding="UTF-8"?>
<!-- Generated by org.testng.reporters.JUnitReportReporter -->
<testsuite hostname="QSP" failures="0" tests="1" name="A_WebElement.TableWithSort1" time="5.152" errors="0" timestamp="2024-03-21T16:31:34 IST" skipped="0">
  <testcase classname="A_WebElement.TableWithSort1" name="ExecuteWebTable" time="5.152"/>
</testsuite> <!-- A_WebElement.TableWithSort1 -->
