<?xml version="1.0" encoding="UTF-8"?>
<!-- Generated by org.testng.reporters.JUnitReportReporter -->
<testsuite hostname="QSP" failures="0" tests="1" name="MouseHover.Ratings" time="7.632" errors="0" timestamp="2024-03-21T11:35:58 IST" skipped="0">
  <testcase classname="MouseHover.Ratings" name="main" time="7.632"/>
</testsuite> <!-- MouseHover.Ratings -->
