<?xml version="1.0" encoding="UTF-8"?>
<!-- Generated by org.testng.reporters.JUnitReportReporter -->
<testsuite hostname="QSP" failures="0" tests="1" name="Iframe.EnterData" time="6.058" errors="0" timestamp="2024-03-21T14:28:32 IST" skipped="0">
  <testcase classname="Iframe.EnterData" name="main" time="6.058"/>
</testsuite> <!-- Iframe.EnterData -->
