<?xml version="1.0" encoding="UTF-8"?>
<!-- Generated by org.testng.reporters.JUnitReportReporter -->
<testsuite hostname="QSP" failures="0" tests="1" name="MouseHover.Icon" time="4.824" errors="0" timestamp="2024-03-21T11:05:27 IST" skipped="0">
  <testcase classname="MouseHover.Icon" name="main" time="4.824"/>
</testsuite> <!-- MouseHover.Icon -->
