<?xml version="1.0" encoding="UTF-8"?>
<!-- Generated by org.testng.reporters.JUnitReportReporter -->
<testsuite hostname="QSP" failures="0" tests="1" name="KeyboardActions.CopyPasswordValueAndPaste" time="5.416" errors="0" timestamp="2024-03-21T12:31:37 IST" skipped="0">
  <testcase classname="KeyboardActions.CopyPasswordValueAndPaste" name="main" time="5.416"/>
</testsuite> <!-- KeyboardActions.CopyPasswordValueAndPaste -->
