<?xml version="1.0" encoding="UTF-8"?>
<!-- Generated by org.testng.reporters.JUnitReportReporter -->
<testsuite hostname="QSP" failures="0" tests="1" name="Scroll.HorizontalScroll" time="9.833" errors="0" timestamp="2024-03-21T15:25:43 IST" skipped="0">
  <testcase classname="Scroll.HorizontalScroll" name="main" time="9.833"/>
</testsuite> <!-- Scroll.HorizontalScroll -->
