<?xml version="1.0" encoding="UTF-8"?>
<!-- Generated by org.testng.reporters.JUnitReportReporter -->
<testsuite hostname="QSP" failures="0" tests="1" name="WebElement.checkbox1" time="10.046" errors="0" timestamp="2024-03-21T15:34:51 IST" skipped="0">
  <testcase classname="WebElement.checkbox1" name="main" time="10.046"/>
</testsuite> <!-- WebElement.checkbox1 -->
