<?xml version="1.0" encoding="UTF-8"?>
<!-- Generated by org.testng.reporters.JUnitReportReporter -->
<testsuite hostname="QSP" failures="0" tests="1" name="WebElement.SelectAllCHeckBox" time="8.224" errors="0" timestamp="2024-03-21T15:47:18 IST" skipped="0">
  <testcase classname="WebElement.SelectAllCHeckBox" name="main" time="8.224"/>
</testsuite> <!-- WebElement.SelectAllCHeckBox -->
